{"name":"verifyinguserabletoeditprofiledetailsTC10","status":"broken","statusDetails":{"known":false,"muted":false,"flaky":false,"message":"java.lang.reflect.InvocationTargetException\nBuild info: version: '4.12.1', revision: '8e34639b11'\nSystem info: os.name: 'Windows 10', os.arch: 'amd64', os.version: '10.0', java.version: '17.0.8.1'\nDriver info: org.openqa.selenium.chrome.ChromeDriver\nCommand: [ab01b8dc290776eb4cda7aefc2de3ada, actions {actions=[org.openqa.selenium.interactions.Sequence@1ba35152]}]\nCapabilities {acceptInsecureCerts: true, browserName: chrome, browserVersion: 117.0.5938.89, chrome: {chromedriverVersion: 117.0.5938.92 (67649b10b92b..., userDataDir: C:\\Users\\RANJIT~1.SIV\\AppDa...}, fedcm:accounts: true, goog:chromeOptions: {debuggerAddress: localhost:52380}, networkConnectionEnabled: false, pageLoadStrategy: normal, platformName: windows, proxy: Proxy(), se:cdp: ws://localhost:52380/devtoo..., se:cdpVersion: 117.0.5938.89, setWindowRect: true, strictFileInteractability: false, timeouts: {implicit: 0, pageLoad: 300000, script: 30000}, unhandledPromptBehavior: dismiss and notify, webauthn:extension:credBlob: true, webauthn:extension:largeBlob: true, webauthn:extension:minPinLength: true, webauthn:extension:prf: true, webauthn:virtualAuthenticators: true}\nSession ID: ab01b8dc290776eb4cda7aefc2de3ada","trace":"org.openqa.selenium.json.JsonException: java.lang.reflect.InvocationTargetException\nBuild info: version: '4.12.1', revision: '8e34639b11'\nSystem info: os.name: 'Windows 10', os.arch: 'amd64', os.version: '10.0', java.version: '17.0.8.1'\nDriver info: org.openqa.selenium.chrome.ChromeDriver\nCommand: [ab01b8dc290776eb4cda7aefc2de3ada, actions {actions=[org.openqa.selenium.interactions.Sequence@1ba35152]}]\nCapabilities {acceptInsecureCerts: true, browserName: chrome, browserVersion: 117.0.5938.89, chrome: {chromedriverVersion: 117.0.5938.92 (67649b10b92b..., userDataDir: C:\\Users\\RANJIT~1.SIV\\AppDa...}, fedcm:accounts: true, goog:chromeOptions: {debuggerAddress: localhost:52380}, networkConnectionEnabled: false, pageLoadStrategy: normal, platformName: windows, proxy: Proxy(), se:cdp: ws://localhost:52380/devtoo..., se:cdpVersion: 117.0.5938.89, setWindowRect: true, strictFileInteractability: false, timeouts: {implicit: 0, pageLoad: 300000, script: 30000}, unhandledPromptBehavior: dismiss and notify, webauthn:extension:credBlob: true, webauthn:extension:largeBlob: true, webauthn:extension:minPinLength: true, webauthn:extension:prf: true, webauthn:virtualAuthenticators: true}\nSession ID: ab01b8dc290776eb4cda7aefc2de3ada\r\n\tat org.openqa.selenium.json.JsonOutput.convertUsingMethod(JsonOutput.java:520)\r\n\tat org.openqa.selenium.json.JsonOutput.lambda$new$16(JsonOutput.java:182)\r\n\tat org.openqa.selenium.json.JsonOutput.write0(JsonOutput.java:409)\r\n\tat org.openqa.selenium.json.JsonOutput.lambda$new$22(JsonOutput.java:204)\r\n\tat java.base/java.util.stream.ForEachOps$ForEachOp$OfRef.accept(ForEachOps.java:183)\r\n\tat java.base/java.util.stream.ReferencePipeline$2$1.accept(ReferencePipeline.java:179)\r\n\tat java.base/java.util.Iterator.forEachRemaining(Iterator.java:133)\r\n\tat java.base/java.util.Spliterators$IteratorSpliterator.forEachRemaining(Spliterators.java:1845)\r\n\tat java.base/java.util.stream.AbstractPipeline.copyInto(AbstractPipeline.java:509)\r\n\tat java.base/java.util.stream.AbstractPipeline.wrapAndCopyInto(AbstractPipeline.java:499)\r\n\tat java.base/java.util.stream.ForEachOps$ForEachOp.evaluateSequential(ForEachOps.java:150)\r\n\tat java.base/java.util.stream.ForEachOps$ForEachOp$OfRef.evaluateSequential(ForEachOps.java:173)\r\n\tat java.base/java.util.stream.AbstractPipeline.evaluate(AbstractPipeline.java:234)\r\n\tat java.base/java.util.stream.ReferencePipeline.forEach(ReferencePipeline.java:596)\r\n\tat org.openqa.selenium.json.JsonOutput.lambda$new$23(JsonOutput.java:204)\r\n\tat org.openqa.selenium.json.JsonOutput.write0(JsonOutput.java:409)\r\n\tat org.openqa.selenium.json.JsonOutput.lambda$new$24(JsonOutput.java:222)\r\n\tat com.google.common.collect.SingletonImmutableBiMap.forEach(SingletonImmutableBiMap.java:68)\r\n\tat org.openqa.selenium.json.JsonOutput.lambda$new$25(JsonOutput.java:217)\r\n\tat org.openqa.selenium.json.JsonOutput.write0(JsonOutput.java:409)\r\n\tat org.openqa.selenium.json.JsonOutput.write(JsonOutput.java:400)\r\n\tat org.openqa.selenium.json.Json.toJson(Json.java:133)\r\n\tat org.openqa.selenium.json.Json.toJson(Json.java:119)\r\n\tat org.openqa.selenium.remote.codec.AbstractHttpCommandCodec.encode(AbstractHttpCommandCodec.java:273)\r\n\tat org.openqa.selenium.remote.codec.AbstractHttpCommandCodec.encode(AbstractHttpCommandCodec.java:127)\r\n\tat org.openqa.selenium.remote.HttpCommandExecutor.execute(HttpCommandExecutor.java:179)\r\n\tat org.openqa.selenium.remote.service.DriverCommandExecutor.invokeExecute(DriverCommandExecutor.java:196)\r\n\tat org.openqa.selenium.remote.service.DriverCommandExecutor.execute(DriverCommandExecutor.java:171)\r\n\tat org.openqa.selenium.remote.RemoteWebDriver.execute(RemoteWebDriver.java:602)\r\n\tat org.openqa.selenium.remote.RemoteWebDriver.perform(RemoteWebDriver.java:688)\r\n\tat org.openqa.selenium.interactions.Actions$BuiltAction.perform(Actions.java:605)\r\n\tat org.openqa.selenium.interactions.Actions.perform(Actions.java:574)\r\n\tat com.testcases.BaseClass.mousehover(BaseClass.java:136)\r\n\tat com.pageobjectmodel.Profile.navigateToEditProfile(Profile.java:124)\r\n\tat com.testcases.ProfilePageTestCases.verifyinguserabletoeditprofiledetailsTC10(ProfilePageTestCases.java:35)\r\n\tat java.base/jdk.internal.reflect.NativeMethodAccessorImpl.invoke0(Native Method)\r\n\tat java.base/jdk.internal.reflect.NativeMethodAccessorImpl.invoke(NativeMethodAccessorImpl.java:77)\r\n\tat java.base/jdk.internal.reflect.DelegatingMethodAccessorImpl.invoke(DelegatingMethodAccessorImpl.java:43)\r\n\tat java.base/java.lang.reflect.Method.invoke(Method.java:568)\r\n\tat org.testng.internal.MethodInvocationHelper.invokeMethod(MethodInvocationHelper.java:133)\r\n\tat org.testng.internal.TestInvoker.invokeMethod(TestInvoker.java:598)\r\n\tat org.testng.internal.TestInvoker.invokeTestMethod(TestInvoker.java:173)\r\n\tat org.testng.internal.MethodRunner.runInSequence(MethodRunner.java:46)\r\n\tat org.testng.internal.TestInvoker$MethodInvocationAgent.invoke(TestInvoker.java:824)\r\n\tat org.testng.internal.TestInvoker.invokeTestMethods(TestInvoker.java:146)\r\n\tat org.testng.internal.TestMethodWorker.invokeTestMethods(TestMethodWorker.java:146)\r\n\tat org.testng.internal.TestMethodWorker.run(TestMethodWorker.java:128)\r\n\tat java.base/java.util.ArrayList.forEach(ArrayList.java:1511)\r\n\tat org.testng.TestRunner.privateRun(TestRunner.java:794)\r\n\tat org.testng.TestRunner.run(TestRunner.java:596)\r\n\tat org.testng.SuiteRunner.runTest(SuiteRunner.java:377)\r\n\tat org.testng.SuiteRunner.runSequentially(SuiteRunner.java:371)\r\n\tat org.testng.SuiteRunner.privateRun(SuiteRunner.java:332)\r\n\tat org.testng.SuiteRunner.run(SuiteRunner.java:276)\r\n\tat org.testng.SuiteRunnerWorker.runSuite(SuiteRunnerWorker.java:53)\r\n\tat org.testng.SuiteRunnerWorker.run(SuiteRunnerWorker.java:96)\r\n\tat org.testng.TestNG.runSuitesSequentially(TestNG.java:1212)\r\n\tat org.testng.TestNG.runSuitesLocally(TestNG.java:1134)\r\n\tat org.testng.TestNG.runSuites(TestNG.java:1063)\r\n\tat org.testng.TestNG.run(TestNG.java:1031)\r\n\tat org.testng.remote.AbstractRemoteTestNG.run(AbstractRemoteTestNG.java:115)\r\n\tat org.testng.remote.RemoteTestNG.initAndRun(RemoteTestNG.java:251)\r\n\tat org.testng.remote.RemoteTestNG.main(RemoteTestNG.java:77)\r\n\tSuppressed: org.openqa.selenium.json.JsonException: Attempting to close incomplete json stream\nBuild info: version: '4.12.1', revision: '8e34639b11'\nSystem info: os.name: 'Windows 10', os.arch: 'amd64', os.version: '10.0', java.version: '17.0.8.1'\nDriver info: driver.version: RemoteWebDriver\r\n\t\tat org.openqa.selenium.json.JsonOutput.close(JsonOutput.java:431)\r\n\t\tat org.openqa.selenium.json.Json.toJson(Json.java:131)\r\n\t\t... 41 more\r\nCaused by: java.lang.reflect.InvocationTargetException\r\n\tat java.base/jdk.internal.reflect.NativeMethodAccessorImpl.invoke0(Native Method)\r\n\tat java.base/jdk.internal.reflect.NativeMethodAccessorImpl.invoke(NativeMethodAccessorImpl.java:77)\r\n\tat java.base/jdk.internal.reflect.DelegatingMethodAccessorImpl.invoke(DelegatingMethodAccessorImpl.java:43)\r\n\tat java.base/java.lang.reflect.Method.invoke(Method.java:568)\r\n\tat org.openqa.selenium.json.JsonOutput.convertUsingMethod(JsonOutput.java:516)\r\n\t... 62 more\r\nCaused by: org.openqa.selenium.NoSuchWindowException: no such window: target window already closed\nfrom unknown error: web view not found\n  (Session info: chrome=117.0.5938.89)\nBuild info: version: '4.12.1', revision: '8e34639b11'\nSystem info: os.name: 'Windows 10', os.arch: 'amd64', os.version: '10.0', java.version: '17.0.8.1'\nDriver info: org.openqa.selenium.chrome.ChromeDriver\nCommand: [ab01b8dc290776eb4cda7aefc2de3ada, findElement {using=xpath, value=//img[@class='profile']}]\nCapabilities {acceptInsecureCerts: true, browserName: chrome, browserVersion: 117.0.5938.89, chrome: {chromedriverVersion: 117.0.5938.92 (67649b10b92b..., userDataDir: C:\\Users\\RANJIT~1.SIV\\AppDa...}, fedcm:accounts: true, goog:chromeOptions: {debuggerAddress: localhost:52380}, networkConnectionEnabled: false, pageLoadStrategy: normal, platformName: windows, proxy: Proxy(), se:cdp: ws://localhost:52380/devtoo..., se:cdpVersion: 117.0.5938.89, setWindowRect: true, strictFileInteractability: false, timeouts: {implicit: 0, pageLoad: 300000, script: 30000}, unhandledPromptBehavior: dismiss and notify, webauthn:extension:credBlob: true, webauthn:extension:largeBlob: true, webauthn:extension:minPinLength: true, webauthn:extension:prf: true, webauthn:virtualAuthenticators: true}\nSession ID: ab01b8dc290776eb4cda7aefc2de3ada\r\n\tat java.base/jdk.internal.reflect.NativeConstructorAccessorImpl.newInstance0(Native Method)\r\n\tat java.base/jdk.internal.reflect.NativeConstructorAccessorImpl.newInstance(NativeConstructorAccessorImpl.java:77)\r\n\tat java.base/jdk.internal.reflect.DelegatingConstructorAccessorImpl.newInstance(DelegatingConstructorAccessorImpl.java:45)\r\n\tat java.base/java.lang.reflect.Constructor.newInstanceWithCaller(Constructor.java:499)\r\n\tat java.base/java.lang.reflect.Constructor.newInstance(Constructor.java:480)\r\n\tat org.openqa.selenium.remote.codec.w3c.W3CHttpResponseCodec.createException(W3CHttpResponseCodec.java:200)\r\n\tat org.openqa.selenium.remote.codec.w3c.W3CHttpResponseCodec.decode(W3CHttpResponseCodec.java:133)\r\n\tat org.openqa.selenium.remote.codec.w3c.W3CHttpResponseCodec.decode(W3CHttpResponseCodec.java:52)\r\n\tat org.openqa.selenium.remote.HttpCommandExecutor.execute(HttpCommandExecutor.java:191)\r\n\tat org.openqa.selenium.remote.service.DriverCommandExecutor.invokeExecute(DriverCommandExecutor.java:196)\r\n\tat org.openqa.selenium.remote.service.DriverCommandExecutor.execute(DriverCommandExecutor.java:171)\r\n\tat org.openqa.selenium.remote.RemoteWebDriver.execute(RemoteWebDriver.java:602)\r\n\tat org.openqa.selenium.remote.ElementLocation$ElementFinder$2.findElement(ElementLocation.java:165)\r\n\tat org.openqa.selenium.remote.ElementLocation.findElement(ElementLocation.java:59)\r\n\tat org.openqa.selenium.remote.RemoteWebDriver.findElement(RemoteWebDriver.java:359)\r\n\tat org.openqa.selenium.remote.RemoteWebDriver.findElement(RemoteWebDriver.java:353)\r\n\tat org.openqa.selenium.support.pagefactory.DefaultElementLocator.findElement(DefaultElementLocator.java:68)\r\n\tat org.openqa.selenium.support.pagefactory.internal.LocatingElementHandler.invoke(LocatingElementHandler.java:38)\r\n\tat jdk.proxy2/jdk.proxy2.$Proxy18.getWrappedElement(Unknown Source)\r\n\tat org.openqa.selenium.interactions.PointerInput$Origin.asArg(PointerInput.java:259)\r\n\tat org.openqa.selenium.interactions.PointerInput$Move.encode(PointerInput.java:208)\r\n\tat org.openqa.selenium.interactions.Sequence.encode(Sequence.java:72)\r\n\tat org.openqa.selenium.interactions.Sequence.toJson(Sequence.java:81)\r\n\t... 67 more\r\n"},"stage":"finished","steps":[],"attachments":[],"parameters":[{"name":"browsername","value":"chrome"}],"start":1695710615633,"stop":1695710619479,"uuid":"0f82cac2-1bb7-4743-96ef-473bb4083648","historyId":"ecc8d4299eacdba2e9bb1e0687bef4bc","fullName":"com.testcases.ProfilePageTestCases.verifyinguserabletoeditprofiledetailsTC10","labels":[{"name":"package","value":"com.testcases.ProfilePageTestCases"},{"name":"testClass","value":"com.testcases.ProfilePageTestCases"},{"name":"testMethod","value":"verifyinguserabletoeditprofiledetailsTC10"},{"name":"parentSuite","value":"Suite"},{"name":"suite","value":"MyTestCase"},{"name":"subSuite","value":"com.testcases.ProfilePageTestCases"},{"name":"host","value":"Ranjith-290B2G2"},{"name":"thread","value":"103088@Ranjith-290B2G2.main(1)"},{"name":"framework","value":"testng"},{"name":"language","value":"java"}],"links":[]}